<?xml version="1.0" encoding="UTF-8"?>
<!-- Generated by org.testng.reporters.JUnitXMLReporter -->
<testsuite ignored="0" hostname="DESKTOP-9HQL1HH" failures="0" tests="8" name="Test" time="284.903" errors="0" timestamp="2023-05-22T13:25:35 IST">
  <testcase classname="TestCases.Verify_ProductComparison" name="productComparison" time="26.759"/>
  <testcase classname="TestCases.Verify_Register_UsingExcelSheet" name="registerUser" time="11.308"/>
  <testcase classname="TestCases.Verify_Footer" name="footer" time="33.356"/>
  <testcase classname="TestCases.Verify_DeleteFromCart" name="deleteFromCart" time="7.961"/>
  <testcase classname="TestCases.Verify_AddToCartProduct" name="VerifyAddToCartProduct" time="17.732"/>
  <testcase classname="TestCases.Verify_HandleAssertion" name="verify_Assertion_Header" time="27.998"/>
  <testcase classname="TestCases.Verify_MainMenu" name="verifyMainMenu" time="23.987"/>
  <testcase classname="TestCases.Verify_Header" name="verifyHeader" time="30.644"/>
</testsuite> <!-- Test -->
