<?xml version="1.0" encoding="UTF-8"?>
<!-- Generated by org.testng.reporters.JUnitXMLReporter -->
<testsuite ignored="14" hostname="DESKTOP-9HQL1HH" failures="0" tests="8" name="Test" time="272.75" errors="0" timestamp="2023-05-24T16:08:37 IST">
  <testcase classname="TestCases.Verify_Login" name="validlogin" time="4.188"/>
  <testcase classname="TestCases.Verify_Footer" name="footer" time="71.094"/>
  <testcase classname="TestCases.Verify_DeleteFromCart" name="deleteFromCart" time="14.152"/>
  <testcase classname="TestCases.Verify_Register_UsingExcelSheet" name="registerUser" time="10.357"/>
  <testcase classname="TestCases.Verify_ProductComparison" name="productComparison" time="14.464"/>
  <testcase classname="TestCases.Verify_AddToCartProduct" name="VerifyAddToCartProduct" time="6.442"/>
  <testcase classname="TestCases.Verify_MainMenu" name="verifyMainMenu" time="18.191"/>
  <testcase classname="TestCases.Verify_Header" name="verifyHeader" time="39.095"/>
  <testcase classname="Resources.BaseClass" name="@BeforeTest ExtentReport" time="0.0">
    <ignored/>
  </testcase> <!-- @BeforeTest ExtentReport -->
  <testcase classname="Resources.BaseClass" name="@BeforeTest ExtentReport" time="0.0">
    <ignored/>
  </testcase> <!-- @BeforeTest ExtentReport -->
  <testcase classname="Resources.BaseClass" name="@BeforeTest ExtentReport" time="0.0">
    <ignored/>
  </testcase> <!-- @BeforeTest ExtentReport -->
  <testcase classname="Resources.BaseClass" name="@BeforeTest ExtentReport" time="0.0">
    <ignored/>
  </testcase> <!-- @BeforeTest ExtentReport -->
  <testcase classname="Resources.BaseClass" name="@BeforeTest ExtentReport" time="0.0">
    <ignored/>
  </testcase> <!-- @BeforeTest ExtentReport -->
  <testcase classname="Resources.BaseClass" name="@BeforeTest ExtentReport" time="0.0">
    <ignored/>
  </testcase> <!-- @BeforeTest ExtentReport -->
  <testcase classname="Resources.BaseClass" name="@BeforeTest ExtentReport" time="0.0">
    <ignored/>
  </testcase> <!-- @BeforeTest ExtentReport -->
  <testcase classname="Resources.BaseClass" name="@AfterTest endReport" time="0.0">
    <ignored/>
  </testcase> <!-- @AfterTest endReport -->
  <testcase classname="Resources.BaseClass" name="@AfterTest endReport" time="0.0">
    <ignored/>
  </testcase> <!-- @AfterTest endReport -->
  <testcase classname="Resources.BaseClass" name="@AfterTest endReport" time="0.0">
    <ignored/>
  </testcase> <!-- @AfterTest endReport -->
  <testcase classname="Resources.BaseClass" name="@AfterTest endReport" time="0.0">
    <ignored/>
  </testcase> <!-- @AfterTest endReport -->
  <testcase classname="Resources.BaseClass" name="@AfterTest endReport" time="0.0">
    <ignored/>
  </testcase> <!-- @AfterTest endReport -->
  <testcase classname="Resources.BaseClass" name="@AfterTest endReport" time="0.0">
    <ignored/>
  </testcase> <!-- @AfterTest endReport -->
  <testcase classname="Resources.BaseClass" name="@AfterTest endReport" time="0.0">
    <ignored/>
  </testcase> <!-- @AfterTest endReport -->
</testsuite> <!-- Test -->
