<?xml version="1.0" encoding="UTF-8"?>
<testng-results ignored="0" total="1" passed="1" failed="0" skipped="0">
  <reporter-output>
  </reporter-output>
  <suite started-at="2023-05-22T13:36:58 IST" name="Default suite" finished-at="2023-05-22T13:37:37 IST" duration-ms="39240">
    <groups>
    </groups>
    <test started-at="2023-05-22T13:36:58 IST" name="Default test" finished-at="2023-05-22T13:37:37 IST" duration-ms="39240">
      <class name="TestCases.Verify_MainMenu">
        <test-method is-config="true" signature="launchUrl()[pri:0, instance:TestCases.Verify_MainMenu@661972b0]" started-at="2023-05-22T13:36:58 IST" name="launchUrl" finished-at="2023-05-22T13:37:12 IST" duration-ms="13967" status="PASS">
          <reporter-output>
          </reporter-output>
        </test-method> <!-- launchUrl -->
        <test-method signature="verifyMainMenu()[pri:0, instance:TestCases.Verify_MainMenu@661972b0]" started-at="2023-05-22T13:37:12 IST" name="verifyMainMenu" finished-at="2023-05-22T13:37:37 IST" duration-ms="24543" status="PASS">
          <reporter-output>
          </reporter-output>
        </test-method> <!-- verifyMainMenu -->
        <test-method is-config="true" signature="driverclose()[pri:0, instance:TestCases.Verify_MainMenu@661972b0]" started-at="2023-05-22T13:37:37 IST" name="driverclose" finished-at="2023-05-22T13:37:37 IST" duration-ms="619" status="PASS">
          <reporter-output>
          </reporter-output>
        </test-method> <!-- driverclose -->
      </class> <!-- TestCases.Verify_MainMenu -->
    </test> <!-- Default test -->
  </suite> <!-- Default suite -->
</testng-results>
