<?xml version="1.0" encoding="UTF-8"?>
<testng-results ignored="0" total="1" passed="1" failed="0" skipped="0">
  <reporter-output>
  </reporter-output>
  <suite started-at="2023-05-23T18:42:37 IST" name="Default suite" finished-at="2023-05-23T18:43:17 IST" duration-ms="39931">
    <groups>
    </groups>
    <test started-at="2023-05-23T18:42:37 IST" name="Default test" finished-at="2023-05-23T18:43:17 IST" duration-ms="39931">
      <class name="TestCases.Verify_Footer">
        <test-method is-config="true" signature="ExtentReport()[pri:0, instance:TestCases.Verify_Footer@36902638]" started-at="2023-05-23T18:42:37 IST" name="ExtentReport" finished-at="2023-05-23T18:42:38 IST" duration-ms="1222" status="PASS">
          <reporter-output>
          </reporter-output>
        </test-method> <!-- ExtentReport -->
        <test-method is-config="true" signature="launchUrl()[pri:0, instance:TestCases.Verify_Footer@36902638]" started-at="2023-05-23T18:42:39 IST" name="launchUrl" finished-at="2023-05-23T18:42:55 IST" duration-ms="16382" status="PASS">
          <reporter-output>
          </reporter-output>
        </test-method> <!-- launchUrl -->
        <test-method signature="footer()[pri:0, instance:TestCases.Verify_Footer@36902638]" started-at="2023-05-23T18:42:55 IST" name="footer" finished-at="2023-05-23T18:43:15 IST" duration-ms="20327" status="PASS">
          <reporter-output>
          </reporter-output>
        </test-method> <!-- footer -->
        <test-method is-config="true" signature="driverclose()[pri:0, instance:TestCases.Verify_Footer@36902638]" started-at="2023-05-23T18:43:15 IST" name="driverclose" finished-at="2023-05-23T18:43:16 IST" duration-ms="607" status="PASS">
          <reporter-output>
          </reporter-output>
        </test-method> <!-- driverclose -->
        <test-method is-config="true" signature="endReport()[pri:0, instance:TestCases.Verify_Footer@36902638]" started-at="2023-05-23T18:43:16 IST" name="endReport" finished-at="2023-05-23T18:43:17 IST" duration-ms="1186" status="PASS">
          <reporter-output>
          </reporter-output>
        </test-method> <!-- endReport -->
      </class> <!-- TestCases.Verify_Footer -->
    </test> <!-- Default test -->
  </suite> <!-- Default suite -->
</testng-results>
